I1212 23:18:04.811618   38392 load.go:31] Reloading schema and connectors...
I1212 23:18:04.871137   38392 control.go:94] [/emulator/file-manager-fdc c778] UpdateResources(): done
Main schema: sources: schema\schema.gql [5109B] 
Connector "movie-connector": sources: movie-connector\mutations.gql [3106B] movie-connector\queries.gql [8162B] 
Connector "file-connector": sources: file-connector\mutations.gql [3924B] file-connector\queries.gql [3964B] 
I1212 23:18:04.938087   38392 codegen.go:80] [connector "movie-connector" javascriptSdk] Generating sources into "C:\\Users\\CP8174\\Documents\\GitHub\\codelab-dataconnect-web\\app\\src\\lib\\dataconnect-sdk"
I1212 23:18:04.948598   38392 codegen.go:80] [connector "file-connector" javascriptSdk] Generating sources into "C:\\Users\\CP8174\\Documents\\GitHub\\codelab-dataconnect-web\\app\\src\\lib\\file-dataconnect-sdk"
I1212 23:18:04.966623   38392 collector.go:107] schema extensions wrote into "C:\\Users\\CP8174\\Documents\\GitHub\\codelab-dataconnect-web\\dataconnect\\.dataconnect\\schema"
Generated sources: prelude.gql [73219B] main\query.gql [12507B] main\mutation.gql [33844B] main\implicit.gql [2291B] main\input.gql [86481B] main\relation.gql [44520B] 
I1212 23:18:04.976648   38392 collector.go:107] connector "movie-connector" javascriptSdk wrote into "C:\\Users\\CP8174\\Documents\\GitHub\\codelab-dataconnect-web\\app\\src\\lib\\dataconnect-sdk"
Generated sources: esm\package.json [17B] index.cjs.js [5907B] package.json [641B] README.md [60362B] .guides/usage.md [2141B] .guides/setup.md [580B] index.d.ts [14429B] esm\index.esm.js [5143B] .guides/config.json [236B] 
I1212 23:18:04.978219   38392 installsdk.go:55] Package @movie/dataconnect is already installed. Skipping installation
I1212 23:18:04.989411   38392 collector.go:107] connector "file-connector" javascriptSdk wrote into "C:\\Users\\CP8174\\Documents\\GitHub\\codelab-dataconnect-web\\app\\src\\lib\\file-dataconnect-sdk"
Generated sources: index.d.ts [19569B] index.cjs.js [9234B] .guides/setup.md [579B] esm\index.esm.js [8080B] esm\package.json [17B] package.json [639B] README.md [90695B] .guides/usage.md [2179B] .guides/config.json [236B] 
I1212 23:18:04.990450   38392 installsdk.go:55] Package @file/dataconnect is already installed. Skipping installation
I1212 23:18:04.990450   38392 load.go:109] Finished reloading
I1212 23:18:04.992667   38392 dev.go:104] Listening on address (HTTP + gRPC): 127.0.0.1:9390
I1212 23:18:04.993212   38392 dev.go:104] Listening on address (HTTP + gRPC): [::1]:9390
I1212 23:18:08.112087   38392 migrate.go:24] Running migration SQL:
Step 1: CREATE EXTENSION IF NOT EXISTS "uuid-ossp"
Step 2: CREATE TYPE "public"."share_permission" AS ENUM ('VIEW', 'EDIT', 'ADMIN')
Step 3: CREATE TABLE "public"."movie" ("id" uuid NOT NULL DEFAULT uuid_generate_v4(), "description" text NULL, "genre" text NULL, "image_url" text NOT NULL, "rating" double precision NULL, "release_year" integer NULL, "tags" text[] NULL, "title" text NOT NULL, PRIMARY KEY ("id"))
Step 4: CREATE TABLE "public"."user" ("id" text NOT NULL, "username" character varying(50) NOT NULL, PRIMARY KEY ("id"))
Step 5: CREATE TABLE "public"."FavoriteMovies" ("user_id" text NOT NULL, "movie_id" uuid NOT NULL, PRIMARY KEY ("user_id", "movie_id"), CONSTRAINT "FavoriteMovies_movie_id_fkey" FOREIGN KEY ("movie_id") REFERENCES "public"."movie" ("id") ON DELETE CASCADE, CONSTRAINT "FavoriteMovies_user_id_fkey" FOREIGN KEY ("user_id") REFERENCES "public"."user" ("id") ON DELETE CASCADE)
Step 6: CREATE INDEX "FavoriteMovies_movieId_idx" ON "public"."FavoriteMovies" ("movie_id")
Step 7: CREATE INDEX "FavoriteMovies_userId_idx" ON "public"."FavoriteMovies" ("user_id")
Step 8: CREATE TABLE "public"."Reviews" ("movie_id" uuid NOT NULL, "user_id" text NOT NULL, "id" uuid NOT NULL DEFAULT uuid_generate_v4(), "rating" integer NULL, "review_date" date NOT NULL, "review_text" text NULL, PRIMARY KEY ("movie_id", "user_id"), CONSTRAINT "Reviews_movie_id_fkey" FOREIGN KEY ("movie_id") REFERENCES "public"."movie" ("id") ON DELETE CASCADE, CONSTRAINT "Reviews_user_id_fkey" FOREIGN KEY ("user_id") REFERENCES "public"."user" ("id") ON DELETE CASCADE)
Step 9: CREATE INDEX "Reviews_movieId_idx" ON "public"."Reviews" ("movie_id")
Step 10: CREATE INDEX "Reviews_userId_idx" ON "public"."Reviews" ("user_id")
Step 11: CREATE TABLE "public"."folder" ("id" uuid NOT NULL DEFAULT uuid_generate_v4(), "parent_folder_id" uuid NULL, "color" character varying(20) NULL, "created_at" timestamptz NOT NULL, "created_by" character varying(100) NOT NULL, "description" text NULL, "name" character varying(255) NOT NULL, "updated_at" timestamptz NULL, PRIMARY KEY ("id"), CONSTRAINT "folder_parent_folder_id_fkey" FOREIGN KEY ("parent_folder_id") REFERENCES "public"."folder" ("id") ON DELETE SET NULL)
Step 12: CREATE INDEX "folder_parentFolderId_idx" ON "public"."folder" ("parent_folder_id")
Step 13: CREATE TABLE "public"."file" ("id" uuid NOT NULL DEFAULT uuid_generate_v4(), "folder_id" uuid NULL, "archived_at" timestamptz NULL, "description" text NULL, "download_count" integer NULL DEFAULT 0, "is_archived" boolean NULL DEFAULT false, "is_public" boolean NULL DEFAULT false, "mime_type" character varying(100) NULL, "name" character varying(255) NOT NULL, "size" bigint NOT NULL, "storage_path" character varying(500) NOT NULL, "tags" text[] NULL, "updated_at" timestamptz NULL, "uploaded_at" timestamptz NOT NULL, "uploaded_by" character varying(100) NOT NULL, PRIMARY KEY ("id"), CONSTRAINT "file_folder_id_fkey" FOREIGN KEY ("folder_id") REFERENCES "public"."folder" ("id") ON DELETE SET NULL)
Step 14: CREATE INDEX "file_folderId_idx" ON "public"."file" ("folder_id")
Step 15: CREATE TABLE "public"."file_share" ("file_id" uuid NOT NULL, "shared_with" character varying(100) NOT NULL, "permission" "public"."share_permission" NOT NULL, "shared_at" timestamptz NOT NULL, "shared_by" character varying(100) NOT NULL, PRIMARY KEY ("file_id", "shared_with"), CONSTRAINT "file_share_file_id_fkey" FOREIGN KEY ("file_id") REFERENCES "public"."file" ("id") ON DELETE CASCADE)
Step 16: CREATE INDEX "file_share_fileId_idx" ON "public"."file_share" ("file_id")
Step 17: CREATE TABLE "public"."actor" ("id" uuid NOT NULL, "image_url" text NOT NULL, "name" character varying(30) NOT NULL, PRIMARY KEY ("id"))
Step 18: CREATE TABLE "public"."movie_actor" ("movie_id" uuid NOT NULL, "actor_id" uuid NOT NULL, "role" text NOT NULL, PRIMARY KEY ("movie_id", "actor_id"), CONSTRAINT "movie_actor_actor_id_fkey" FOREIGN KEY ("actor_id") REFERENCES "public"."actor" ("id") ON DELETE CASCADE, CONSTRAINT "movie_actor_movie_id_fkey" FOREIGN KEY ("movie_id") REFERENCES "public"."movie" ("id") ON DELETE CASCADE)
Step 19: CREATE INDEX "movie_actor_actorId_idx" ON "public"."movie_actor" ("actor_id")
Step 20: CREATE INDEX "movie_actor_movieId_idx" ON "public"."movie_actor" ("movie_id")
Step 21: CREATE TABLE "public"."movie_metadata" ("id" uuid NOT NULL DEFAULT uuid_generate_v4(), "movie_id" uuid NOT NULL, "director" text NULL, PRIMARY KEY ("id"), CONSTRAINT "movie_metadata_movie_id_fkey" FOREIGN KEY ("movie_id") REFERENCES "public"."movie" ("id") ON DELETE CASCADE)
Step 22: CREATE INDEX "movie_metadata_movieId_idx" ON "public"."movie_metadata" ("movie_id")
I1212 23:18:08.336758   38392 control.go:94] [/emulator/file-manager-fdc 593f] UpdateResources(): done
Main schema: sources: schema\schema.gql [5109B] 
Connector "movie-connector": sources: movie-connector\mutations.gql [3106B] movie-connector\queries.gql [8162B] 
Connector "file-connector": sources: file-connector\mutations.gql [3924B] file-connector\queries.gql [3964B] 
