[debug] [2025-12-03T07:37:05.022Z] ----------------------------------------------------------------------
[debug] [2025-12-03T07:37:05.025Z] Command:       C:\nvm4w\nodejs\node.exe C:\Users\CP8174\AppData\Roaming\npm\node_modules\firebase-tools\lib\bin\firebase.js dataconnect:sdk:generate --watch
[debug] [2025-12-03T07:37:05.025Z] CLI Version:   14.26.0
[debug] [2025-12-03T07:37:05.025Z] Platform:      win32
[debug] [2025-12-03T07:37:05.025Z] Node Version:  v24.11.1
[debug] [2025-12-03T07:37:05.025Z] Time:          Wed Dec 03 2025 13:07:05 GMT+0530 (India Standard Time)
[debug] [2025-12-03T07:37:05.025Z] ----------------------------------------------------------------------
[debug] 
[debug] [2025-12-03T07:37:05.157Z] defaultcredentials: writing to file C:\Users\CP8174\AppData\Roaming\firebase\chaitanyareddy_pr_gmail.com_application_default_credentials.json
[debug] [2025-12-04T06:32:24.157Z] ----------------------------------------------------------------------
[debug] [2025-12-04T06:32:24.160Z] Command:       C:\nvm4w\nodejs\node.exe C:\Users\CP8174\AppData\Roaming\npm\node_modules\firebase-tools\lib\bin\firebase.js dataconnect:sdk:generate --watch
[debug] [2025-12-04T06:32:24.160Z] CLI Version:   14.26.0
[debug] [2025-12-04T06:32:24.160Z] Platform:      win32
[debug] [2025-12-04T06:32:24.160Z] Node Version:  v24.11.1
[debug] [2025-12-04T06:32:24.160Z] Time:          Thu Dec 04 2025 12:02:24 GMT+0530 (India Standard Time)
[debug] [2025-12-04T06:32:24.161Z] ----------------------------------------------------------------------
[debug] 
[debug] [2025-12-04T06:32:24.289Z] defaultcredentials: writing to file C:\Users\CP8174\AppData\Roaming\firebase\chaitanyareddy_pr_gmail.com_application_default_credentials.json
[debug] [2025-12-04T06:58:17.858Z] ----------------------------------------------------------------------
[debug] [2025-12-04T06:58:17.861Z] Command:       C:\nvm4w\nodejs\node.exe C:\Users\CP8174\AppData\Roaming\npm\node_modules\firebase-tools\lib\bin\firebase.js dataconnect:sdk:generate --watch
[debug] [2025-12-04T06:58:17.861Z] CLI Version:   14.26.0
[debug] [2025-12-04T06:58:17.861Z] Platform:      win32
[debug] [2025-12-04T06:58:17.861Z] Node Version:  v24.11.1
[debug] [2025-12-04T06:58:17.861Z] Time:          Thu Dec 04 2025 12:28:17 GMT+0530 (India Standard Time)
[debug] [2025-12-04T06:58:17.861Z] ----------------------------------------------------------------------
[debug] 
[debug] [2025-12-04T06:58:18.001Z] defaultcredentials: writing to file C:\Users\CP8174\AppData\Roaming\firebase\chaitanyareddy_pr_gmail.com_application_default_credentials.json
